<?xml version="1.0" encoding="UTF-8"?>
<!-- Generated by org.testng.reporters.JUnitXMLReporter -->
<testsuite hostname="Kiran-PC" ignored="0" name="Default test" tests="3" failures="0" timestamp="13 Oct 2019 19:34:12 GMT" time="55.731" errors="0">
  <testcase name="verifyTitleTest" time="0.016" classname="com.orangeHrm.tests.LoginPageTest"/>
  <testcase name="verifyOrangeHrmLogoTest" time="0.219" classname="com.orangeHrm.tests.LoginPageTest"/>
  <testcase name="verifyLoginTest" time="11.797" classname="com.orangeHrm.tests.LoginPageTest"/>
</testsuite> <!-- Default test -->
