<?xml version="1.0" encoding="UTF-8"?>
<!-- Generated by org.testng.reporters.JUnitXMLReporter -->
<testsuite hostname="Kiran-PC" ignored="0" name="Default test" tests="4" failures="0" timestamp="20 Oct 2019 14:32:33 GMT" time="71.634" errors="0">
  <testcase name="verifyAdminPageLabelTest" time="0.086" classname="com.orangeHrm.tests.AdminPageTest"/>
  <testcase name="verifyUserAvailabilityTest" time="1.368" classname="com.orangeHrm.tests.AdminPageTest"/>
  <testcase name="verifyDeleteUserTest" time="2.244" classname="com.orangeHrm.tests.AdminPageTest"/>
  <testcase name="verifyAddUserClickTest" time="1.87" classname="com.orangeHrm.tests.AdminPageTest"/>
</testsuite> <!-- Default test -->
