<?xml version="1.0" encoding="UTF-8"?>
<testsuite xmlns:xsi="http://www.w3.org/2001/XMLSchema-instance" xsi:noNamespaceSchemaLocation="https://maven.apache.org/surefire/maven-surefire-plugin/xsd/surefire-test-report-3.0.xsd" version="3.0" name="TestSuite" time="146.144" tests="19" errors="0" skipped="15" failures="4">
  <properties>
[...]
</properties>
  <testcase name="setUp" classname="com.orangeHrm.tests.AddUserPageTest" time="56.762">
    <failure message="timeout&#10;  (Session info: chrome=77.0.3865.120)&#10;Build info: version: &apos;3.12.0&apos;, revision: &apos;7c6e0b3&apos;, time: &apos;2018-05-08T14:04:26.12Z&apos;&#10;System info: host: &apos;KIRAN-PC&apos;, ip: &apos;192.168.1.106&apos;, os.name: &apos;Windows 7&apos;, os.arch: &apos;x86&apos;, os.version: &apos;6.1&apos;, java.version: &apos;1.8.0_191&apos;&#10;Driver info: org.openqa.selenium.chrome.ChromeDriver&#10;Capabilities {acceptInsecureCerts: false, browserName: chrome, browserVersion: 77.0.3865.120, chrome: {chromedriverVersion: 77.0.3865.40 (f484704e052e0..., userDataDir: C:\Users\Kiran\AppData\Loca...}, goog:chromeOptions: {debuggerAddress: localhost:52488}, javascriptEnabled: true, networkConnectionEnabled: false, pageLoadStrategy: normal, platform: XP, platformName: XP, proxy: Proxy(), setWindowRect: true, strictFileInteractability: false, timeouts: {implicit: 0, pageLoad: 300000, script: 30000}, unhandledPromptBehavior: dismiss and notify}&#10;Session ID: 3fb613fb50ceb257d49c41c6656779dd" type="org.openqa.selenium.TimeoutException">org.openqa.selenium.TimeoutException: 
timeout
  (Session info: chrome=77.0.3865.120)
Build info: version: '3.12.0', revision: '7c6e0b3', time: '2018-05-08T14:04:26.12Z'
System info: host: 'KIRAN-PC', ip: '192.168.1.106', os.name: 'Windows 7', os.arch: 'x86', os.version: '6.1', java.version: '1.8.0_191'
Driver info: org.openqa.selenium.chrome.ChromeDriver
Capabilities {acceptInsecureCerts: false, browserName: chrome, browserVersion: 77.0.3865.120, chrome: {chromedriverVersion: 77.0.3865.40 (f484704e052e0..., userDataDir: C:\Users\Kiran\AppData\Loca...}, goog:chromeOptions: {debuggerAddress: localhost:52488}, javascriptEnabled: true, networkConnectionEnabled: false, pageLoadStrategy: normal, platform: XP, platformName: XP, proxy: Proxy(), setWindowRect: true, strictFileInteractability: false, timeouts: {implicit: 0, pageLoad: 300000, script: 30000}, unhandledPromptBehavior: dismiss and notify}
Session ID: 3fb613fb50ceb257d49c41c6656779dd
	at com.orangeHrm.tests.AddUserPageTest.setUp(AddUserPageTest.java:32)
</failure>
    <system-out><![CDATA[Navigating to: 'https://opensource-demo.orangehrmlive.com'
Exception occured: org.openqa.selenium.TimeoutException: timeout
  (Session info: chrome=77.0.3865.120)
Build info: version: '3.12.0', revision: '7c6e0b3', time: '2018-05-08T14:04:26.12Z'
System info: host: 'KIRAN-PC', ip: '192.168.1.106', os.name: 'Windows 7', os.arch: 'x86', os.version: '6.1', java.version: '1.8.0_191'
Driver info: org.openqa.selenium.chrome.ChromeDriver
Capabilities {acceptInsecureCerts: false, browserName: chrome, browserVersion: 77.0.3865.120, chrome: {chromedriverVersion: 77.0.3865.40 (f484704e052e0..., userDataDir: C:\Users\Kiran\AppData\Loca...}, goog:chromeOptions: {debuggerAddress: localhost:52488}, javascriptEnabled: true, networkConnectionEnabled: false, pageLoadStrategy: normal, platform: XP, platformName: XP, proxy: Proxy(), setWindowRect: true, strictFileInteractability: false, timeouts: {implicit: 0, pageLoad: 300000, script: 30000}, unhandledPromptBehavior: dismiss and notify}
Session ID: 3fb613fb50ceb257d49c41c6656779dd
]]></system-out>
    <system-err><![CDATA[Starting ChromeDriver 77.0.3865.40 (f484704e052e0b556f8030b65b953dce96503217-refs/branch-heads/3865@{#442}) on port 1711
Only local connections are allowed.
Please protect ports used by ChromeDriver and related test frameworks to prevent access by malicious code.
Oct 20, 2019 7:49:59 PM org.openqa.selenium.remote.ProtocolHandshake createSession
INFO: Detected dialect: W3C
[1571581241.356][SEVERE]: Timed out receiving message from renderer: 28.224
[1571581241.370][SEVERE]: Timed out receiving message from renderer: -0.037
]]></system-err>
  </testcase>
  <testcase name="setUp" classname="com.orangeHrm.tests.AddUserPageTest" time="0">
    <skipped/>
  </testcase>
  <testcase name="setUp" classname="com.orangeHrm.tests.AddUserPageTest" time="0">
    <skipped/>
  </testcase>
  <testcase name="setUp" classname="com.orangeHrm.tests.AddUserPageTest" time="0">
    <skipped/>
  </testcase>
  <testcase name="VerifyPageUrlTest" classname="com.orangeHrm.tests.AddUserPageTest" time="0">
    <skipped message="timeout&#10;  (Session info: chrome=77.0.3865.120)&#10;Build info: version: &apos;3.12.0&apos;, revision: &apos;7c6e0b3&apos;, time: &apos;2018-05-08T14:04:26.12Z&apos;&#10;System info: host: &apos;KIRAN-PC&apos;, ip: &apos;192.168.1.106&apos;, os.name: &apos;Windows 7&apos;, os.arch: &apos;x86&apos;, os.version: &apos;6.1&apos;, java.version: &apos;1.8.0_191&apos;&#10;Driver info: org.openqa.selenium.chrome.ChromeDriver&#10;Capabilities {acceptInsecureCerts: false, browserName: chrome, browserVersion: 77.0.3865.120, chrome: {chromedriverVersion: 77.0.3865.40 (f484704e052e0..., userDataDir: C:\Users\Kiran\AppData\Loca...}, goog:chromeOptions: {debuggerAddress: localhost:52488}, javascriptEnabled: true, networkConnectionEnabled: false, pageLoadStrategy: normal, platform: XP, platformName: XP, proxy: Proxy(), setWindowRect: true, strictFileInteractability: false, timeouts: {implicit: 0, pageLoad: 300000, script: 30000}, unhandledPromptBehavior: dismiss and notify}&#10;Session ID: 3fb613fb50ceb257d49c41c6656779dd"/>
  </testcase>
  <testcase name="tearDown" classname="com.orangeHrm.tests.AddUserPageTest" time="0">
    <skipped/>
  </testcase>
  <testcase name="tearDown" classname="com.orangeHrm.tests.AddUserPageTest" time="0">
    <skipped/>
  </testcase>
  <testcase name="tearDown" classname="com.orangeHrm.tests.AddUserPageTest" time="0">
    <skipped/>
  </testcase>
  <testcase name="tearDown" classname="com.orangeHrm.tests.AddUserPageTest" time="0">
    <skipped/>
  </testcase>
  <testcase name="setUp" classname="com.orangeHrm.tests.AdminPageTest" time="108.108">
    <failure message="timeout&#10;  (Session info: chrome=77.0.3865.120)&#10;Build info: version: &apos;3.12.0&apos;, revision: &apos;7c6e0b3&apos;, time: &apos;2018-05-08T14:04:26.12Z&apos;&#10;System info: host: &apos;KIRAN-PC&apos;, ip: &apos;192.168.1.106&apos;, os.name: &apos;Windows 7&apos;, os.arch: &apos;x86&apos;, os.version: &apos;6.1&apos;, java.version: &apos;1.8.0_191&apos;&#10;Driver info: org.openqa.selenium.chrome.ChromeDriver&#10;Capabilities {acceptInsecureCerts: false, browserName: chrome, browserVersion: 77.0.3865.120, chrome: {chromedriverVersion: 77.0.3865.40 (f484704e052e0..., userDataDir: C:\Users\Kiran\AppData\Loca...}, goog:chromeOptions: {debuggerAddress: localhost:52523}, javascriptEnabled: true, networkConnectionEnabled: false, pageLoadStrategy: normal, platform: XP, platformName: XP, proxy: Proxy(), setWindowRect: true, strictFileInteractability: false, timeouts: {implicit: 0, pageLoad: 300000, script: 30000}, unhandledPromptBehavior: dismiss and notify}&#10;Session ID: b455cbf16a397103c687a2fb89af1012" type="org.openqa.selenium.TimeoutException">org.openqa.selenium.TimeoutException: 
timeout
  (Session info: chrome=77.0.3865.120)
Build info: version: '3.12.0', revision: '7c6e0b3', time: '2018-05-08T14:04:26.12Z'
System info: host: 'KIRAN-PC', ip: '192.168.1.106', os.name: 'Windows 7', os.arch: 'x86', os.version: '6.1', java.version: '1.8.0_191'
Driver info: org.openqa.selenium.chrome.ChromeDriver
Capabilities {acceptInsecureCerts: false, browserName: chrome, browserVersion: 77.0.3865.120, chrome: {chromedriverVersion: 77.0.3865.40 (f484704e052e0..., userDataDir: C:\Users\Kiran\AppData\Loca...}, goog:chromeOptions: {debuggerAddress: localhost:52523}, javascriptEnabled: true, networkConnectionEnabled: false, pageLoadStrategy: normal, platform: XP, platformName: XP, proxy: Proxy(), setWindowRect: true, strictFileInteractability: false, timeouts: {implicit: 0, pageLoad: 300000, script: 30000}, unhandledPromptBehavior: dismiss and notify}
Session ID: b455cbf16a397103c687a2fb89af1012
	at com.orangeHrm.tests.AdminPageTest.setUp(AdminPageTest.java:30)
</failure>
    <system-out><![CDATA[Navigating to: 'https://opensource-demo.orangehrmlive.com'
Exception occured: org.openqa.selenium.TimeoutException: timeout
  (Session info: chrome=77.0.3865.120)
Build info: version: '3.12.0', revision: '7c6e0b3', time: '2018-05-08T14:04:26.12Z'
System info: host: 'KIRAN-PC', ip: '192.168.1.106', os.name: 'Windows 7', os.arch: 'x86', os.version: '6.1', java.version: '1.8.0_191'
Driver info: org.openqa.selenium.chrome.ChromeDriver
Capabilities {acceptInsecureCerts: false, browserName: chrome, browserVersion: 77.0.3865.120, chrome: {chromedriverVersion: 77.0.3865.40 (f484704e052e0..., userDataDir: C:\Users\Kiran\AppData\Loca...}, goog:chromeOptions: {debuggerAddress: localhost:52523}, javascriptEnabled: true, networkConnectionEnabled: false, pageLoadStrategy: normal, platform: XP, platformName: XP, proxy: Proxy(), setWindowRect: true, strictFileInteractability: false, timeouts: {implicit: 0, pageLoad: 300000, script: 30000}, unhandledPromptBehavior: dismiss and notify}
Session ID: b455cbf16a397103c687a2fb89af1012
]]></system-out>
    <system-err><![CDATA[Starting ChromeDriver 77.0.3865.40 (f484704e052e0b556f8030b65b953dce96503217-refs/branch-heads/3865@{#442}) on port 29625
Only local connections are allowed.
Please protect ports used by ChromeDriver and related test frameworks to prevent access by malicious code.
Oct 20, 2019 7:50:51 PM org.openqa.selenium.remote.ProtocolHandshake createSession
INFO: Detected dialect: W3C
[1571581292.818][SEVERE]: Timed out receiving message from renderer: 33.125
[1571581292.837][SEVERE]: Timed out receiving message from renderer: -0.020
]]></system-err>
  </testcase>
  <testcase name="verifyAdminPageLabelTest" classname="com.orangeHrm.tests.AdminPageTest" time="0">
    <skipped message="timeout&#10;  (Session info: chrome=77.0.3865.120)&#10;Build info: version: &apos;3.12.0&apos;, revision: &apos;7c6e0b3&apos;, time: &apos;2018-05-08T14:04:26.12Z&apos;&#10;System info: host: &apos;KIRAN-PC&apos;, ip: &apos;192.168.1.106&apos;, os.name: &apos;Windows 7&apos;, os.arch: &apos;x86&apos;, os.version: &apos;6.1&apos;, java.version: &apos;1.8.0_191&apos;&#10;Driver info: org.openqa.selenium.chrome.ChromeDriver&#10;Capabilities {acceptInsecureCerts: false, browserName: chrome, browserVersion: 77.0.3865.120, chrome: {chromedriverVersion: 77.0.3865.40 (f484704e052e0..., userDataDir: C:\Users\Kiran\AppData\Loca...}, goog:chromeOptions: {debuggerAddress: localhost:52523}, javascriptEnabled: true, networkConnectionEnabled: false, pageLoadStrategy: normal, platform: XP, platformName: XP, proxy: Proxy(), setWindowRect: true, strictFileInteractability: false, timeouts: {implicit: 0, pageLoad: 300000, script: 30000}, unhandledPromptBehavior: dismiss and notify}&#10;Session ID: b455cbf16a397103c687a2fb89af1012"/>
  </testcase>
  <testcase name="tearDown" classname="com.orangeHrm.tests.AdminPageTest" time="0">
    <skipped/>
  </testcase>
  <testcase name="setUp" classname="com.orangeHrm.tests.HomePageTest" time="131.943">
    <failure message="no such element: Unable to locate element: {&quot;method&quot;:&quot;css selector&quot;,&quot;selector&quot;:&quot;#txtUsername&quot;}&#10;  (Session info: chrome=77.0.3865.120)&#10;For documentation on this error, please visit: http://seleniumhq.org/exceptions/no_such_element.html&#10;Build info: version: &apos;3.12.0&apos;, revision: &apos;7c6e0b3&apos;, time: &apos;2018-05-08T14:04:26.12Z&apos;&#10;System info: host: &apos;KIRAN-PC&apos;, ip: &apos;192.168.1.106&apos;, os.name: &apos;Windows 7&apos;, os.arch: &apos;x86&apos;, os.version: &apos;6.1&apos;, java.version: &apos;1.8.0_191&apos;&#10;Driver info: org.openqa.selenium.chrome.ChromeDriver&#10;Capabilities {acceptInsecureCerts: false, browserName: chrome, browserVersion: 77.0.3865.120, chrome: {chromedriverVersion: 77.0.3865.40 (f484704e052e0..., userDataDir: C:\Users\Kiran\AppData\Loca...}, goog:chromeOptions: {debuggerAddress: localhost:52561}, javascriptEnabled: true, networkConnectionEnabled: false, pageLoadStrategy: normal, platform: XP, platformName: XP, proxy: Proxy(), setWindowRect: true, strictFileInteractability: false, timeouts: {implicit: 0, pageLoad: 300000, script: 30000}, unhandledPromptBehavior: dismiss and notify}&#10;Session ID: 522b1d233b3a1102666bc2b6b167ed3f&#10;*** Element info: {Using=id, value=txtUsername}" type="org.openqa.selenium.NoSuchElementException">org.openqa.selenium.NoSuchElementException: 
no such element: Unable to locate element: {"method":"css selector","selector":"#txtUsername"}
  (Session info: chrome=77.0.3865.120)
For documentation on this error, please visit: http://seleniumhq.org/exceptions/no_such_element.html
Build info: version: '3.12.0', revision: '7c6e0b3', time: '2018-05-08T14:04:26.12Z'
System info: host: 'KIRAN-PC', ip: '192.168.1.106', os.name: 'Windows 7', os.arch: 'x86', os.version: '6.1', java.version: '1.8.0_191'
Driver info: org.openqa.selenium.chrome.ChromeDriver
Capabilities {acceptInsecureCerts: false, browserName: chrome, browserVersion: 77.0.3865.120, chrome: {chromedriverVersion: 77.0.3865.40 (f484704e052e0..., userDataDir: C:\Users\Kiran\AppData\Loca...}, goog:chromeOptions: {debuggerAddress: localhost:52561}, javascriptEnabled: true, networkConnectionEnabled: false, pageLoadStrategy: normal, platform: XP, platformName: XP, proxy: Proxy(), setWindowRect: true, strictFileInteractability: false, timeouts: {implicit: 0, pageLoad: 300000, script: 30000}, unhandledPromptBehavior: dismiss and notify}
Session ID: 522b1d233b3a1102666bc2b6b167ed3f
*** Element info: {Using=id, value=txtUsername}
	at com.orangeHrm.tests.HomePageTest.setUp(HomePageTest.java:28)
</failure>
    <system-out><![CDATA[Navigating to: 'https://opensource-demo.orangehrmlive.com'
Navigated to: 'https://opensource-demo.orangehrmlive.com'
Trying to Find element by: By.id: txtUsername
Exception occured: org.openqa.selenium.NoSuchElementException: no such element: Unable to locate element: {"method":"css selector","selector":"#txtUsername"}
  (Session info: chrome=77.0.3865.120)
For documentation on this error, please visit: http://seleniumhq.org/exceptions/no_such_element.html
Build info: version: '3.12.0', revision: '7c6e0b3', time: '2018-05-08T14:04:26.12Z'
System info: host: 'KIRAN-PC', ip: '192.168.1.106', os.name: 'Windows 7', os.arch: 'x86', os.version: '6.1', java.version: '1.8.0_191'
Driver info: org.openqa.selenium.chrome.ChromeDriver
Capabilities {acceptInsecureCerts: false, browserName: chrome, browserVersion: 77.0.3865.120, chrome: {chromedriverVersion: 77.0.3865.40 (f484704e052e0..., userDataDir: C:\Users\Kiran\AppData\Loca...}, goog:chromeOptions: {debuggerAddress: localhost:52561}, javascriptEnabled: true, networkConnectionEnabled: false, pageLoadStrategy: normal, platform: XP, platformName: XP, proxy: Proxy(), setWindowRect: true, strictFileInteractability: false, timeouts: {implicit: 0, pageLoad: 300000, script: 30000}, unhandledPromptBehavior: dismiss and notify}
Session ID: 522b1d233b3a1102666bc2b6b167ed3f
*** Element info: {Using=id, value=txtUsername}
]]></system-out>
    <system-err><![CDATA[Starting ChromeDriver 77.0.3865.40 (f484704e052e0b556f8030b65b953dce96503217-refs/branch-heads/3865@{#442}) on port 13446
Only local connections are allowed.
Please protect ports used by ChromeDriver and related test frameworks to prevent access by malicious code.
Oct 20, 2019 7:51:39 PM org.openqa.selenium.remote.ProtocolHandshake createSession
INFO: Detected dialect: W3C
]]></system-err>
  </testcase>
  <testcase name="verifyHomePageTitleTest" classname="com.orangeHrm.tests.HomePageTest" time="0">
    <skipped message="no such element: Unable to locate element: {&quot;method&quot;:&quot;css selector&quot;,&quot;selector&quot;:&quot;#txtUsername&quot;}&#10;  (Session info: chrome=77.0.3865.120)&#10;For documentation on this error, please visit: http://seleniumhq.org/exceptions/no_such_element.html&#10;Build info: version: &apos;3.12.0&apos;, revision: &apos;7c6e0b3&apos;, time: &apos;2018-05-08T14:04:26.12Z&apos;&#10;System info: host: &apos;KIRAN-PC&apos;, ip: &apos;192.168.1.106&apos;, os.name: &apos;Windows 7&apos;, os.arch: &apos;x86&apos;, os.version: &apos;6.1&apos;, java.version: &apos;1.8.0_191&apos;&#10;Driver info: org.openqa.selenium.chrome.ChromeDriver&#10;Capabilities {acceptInsecureCerts: false, browserName: chrome, browserVersion: 77.0.3865.120, chrome: {chromedriverVersion: 77.0.3865.40 (f484704e052e0..., userDataDir: C:\Users\Kiran\AppData\Loca...}, goog:chromeOptions: {debuggerAddress: localhost:52561}, javascriptEnabled: true, networkConnectionEnabled: false, pageLoadStrategy: normal, platform: XP, platformName: XP, proxy: Proxy(), setWindowRect: true, strictFileInteractability: false, timeouts: {implicit: 0, pageLoad: 300000, script: 30000}, unhandledPromptBehavior: dismiss and notify}&#10;Session ID: 522b1d233b3a1102666bc2b6b167ed3f&#10;*** Element info: {Using=id, value=txtUsername}"/>
  </testcase>
  <testcase name="tearDown" classname="com.orangeHrm.tests.HomePageTest" time="0">
    <skipped/>
  </testcase>
  <testcase name="verifyTitleTest" classname="com.orangeHrm.tests.LoginPageTest" time="0.106">
    <failure message="Title is not matching expected [OrangeHRM] but found [opensource-demo.orangehrmlive.com]" type="java.lang.AssertionError">java.lang.AssertionError: Title is not matching expected [OrangeHRM] but found [opensource-demo.orangehrmlive.com]
	at com.orangeHrm.tests.LoginPageTest.verifyTitleTest(LoginPageTest.java:34)
</failure>
    <system-out><![CDATA[Navigating to: 'https://opensource-demo.orangehrmlive.com'
Navigated to: 'https://opensource-demo.orangehrmlive.com'
]]></system-out>
    <system-err><![CDATA[Starting ChromeDriver 77.0.3865.40 (f484704e052e0b556f8030b65b953dce96503217-refs/branch-heads/3865@{#442}) on port 3830
Only local connections are allowed.
Please protect ports used by ChromeDriver and related test frameworks to prevent access by malicious code.
Oct 20, 2019 7:52:01 PM org.openqa.selenium.remote.ProtocolHandshake createSession
INFO: Detected dialect: W3C
]]></system-err>
  </testcase>
  <testcase name="validateAddUserTest" classname="com.orangeHrm.tests.AddUserPageTest" time="0">
    <skipped message="timeout&#10;  (Session info: chrome=77.0.3865.120)&#10;Build info: version: &apos;3.12.0&apos;, revision: &apos;7c6e0b3&apos;, time: &apos;2018-05-08T14:04:26.12Z&apos;&#10;System info: host: &apos;KIRAN-PC&apos;, ip: &apos;192.168.1.106&apos;, os.name: &apos;Windows 7&apos;, os.arch: &apos;x86&apos;, os.version: &apos;6.1&apos;, java.version: &apos;1.8.0_191&apos;&#10;Driver info: org.openqa.selenium.chrome.ChromeDriver&#10;Capabilities {acceptInsecureCerts: false, browserName: chrome, browserVersion: 77.0.3865.120, chrome: {chromedriverVersion: 77.0.3865.40 (f484704e052e0..., userDataDir: C:\Users\Kiran\AppData\Loca...}, goog:chromeOptions: {debuggerAddress: localhost:52488}, javascriptEnabled: true, networkConnectionEnabled: false, pageLoadStrategy: normal, platform: XP, platformName: XP, proxy: Proxy(), setWindowRect: true, strictFileInteractability: false, timeouts: {implicit: 0, pageLoad: 300000, script: 30000}, unhandledPromptBehavior: dismiss and notify}&#10;Session ID: 3fb613fb50ceb257d49c41c6656779dd"/>
  </testcase>
  <testcase name="validateAddUserTest" classname="com.orangeHrm.tests.AddUserPageTest" time="0">
    <skipped message="timeout&#10;  (Session info: chrome=77.0.3865.120)&#10;Build info: version: &apos;3.12.0&apos;, revision: &apos;7c6e0b3&apos;, time: &apos;2018-05-08T14:04:26.12Z&apos;&#10;System info: host: &apos;KIRAN-PC&apos;, ip: &apos;192.168.1.106&apos;, os.name: &apos;Windows 7&apos;, os.arch: &apos;x86&apos;, os.version: &apos;6.1&apos;, java.version: &apos;1.8.0_191&apos;&#10;Driver info: org.openqa.selenium.chrome.ChromeDriver&#10;Capabilities {acceptInsecureCerts: false, browserName: chrome, browserVersion: 77.0.3865.120, chrome: {chromedriverVersion: 77.0.3865.40 (f484704e052e0..., userDataDir: C:\Users\Kiran\AppData\Loca...}, goog:chromeOptions: {debuggerAddress: localhost:52488}, javascriptEnabled: true, networkConnectionEnabled: false, pageLoadStrategy: normal, platform: XP, platformName: XP, proxy: Proxy(), setWindowRect: true, strictFileInteractability: false, timeouts: {implicit: 0, pageLoad: 300000, script: 30000}, unhandledPromptBehavior: dismiss and notify}&#10;Session ID: 3fb613fb50ceb257d49c41c6656779dd"/>
  </testcase>
  <testcase name="validateAddUserTest" classname="com.orangeHrm.tests.AddUserPageTest" time="0">
    <skipped message="timeout&#10;  (Session info: chrome=77.0.3865.120)&#10;Build info: version: &apos;3.12.0&apos;, revision: &apos;7c6e0b3&apos;, time: &apos;2018-05-08T14:04:26.12Z&apos;&#10;System info: host: &apos;KIRAN-PC&apos;, ip: &apos;192.168.1.106&apos;, os.name: &apos;Windows 7&apos;, os.arch: &apos;x86&apos;, os.version: &apos;6.1&apos;, java.version: &apos;1.8.0_191&apos;&#10;Driver info: org.openqa.selenium.chrome.ChromeDriver&#10;Capabilities {acceptInsecureCerts: false, browserName: chrome, browserVersion: 77.0.3865.120, chrome: {chromedriverVersion: 77.0.3865.40 (f484704e052e0..., userDataDir: C:\Users\Kiran\AppData\Loca...}, goog:chromeOptions: {debuggerAddress: localhost:52488}, javascriptEnabled: true, networkConnectionEnabled: false, pageLoadStrategy: normal, platform: XP, platformName: XP, proxy: Proxy(), setWindowRect: true, strictFileInteractability: false, timeouts: {implicit: 0, pageLoad: 300000, script: 30000}, unhandledPromptBehavior: dismiss and notify}&#10;Session ID: 3fb613fb50ceb257d49c41c6656779dd"/>
  </testcase>
</testsuite>