<?xml version="1.0" encoding="UTF-8"?>
<testng-results skipped="0" failed="0" ignored="0" total="4" passed="4">
  <reporter-output>
  </reporter-output>
  <suite name="Default suite" duration-ms="71634" started-at="2019-10-20T14:31:21Z" finished-at="2019-10-20T14:32:33Z">
    <groups>
    </groups>
    <test name="Default test" duration-ms="71634" started-at="2019-10-20T14:31:21Z" finished-at="2019-10-20T14:32:33Z">
      <class name="com.orangeHrm.tests.AdminPageTest">
        <test-method status="PASS" signature="setUp()[pri:0, instance:com.orangeHrm.tests.AdminPageTest@d62f43]" name="setUp" is-config="true" duration-ms="17502" started-at="2019-10-20T14:31:21Z" finished-at="2019-10-20T14:31:39Z">
          <reporter-output>
          </reporter-output>
        </test-method> <!-- setUp -->
        <test-method status="PASS" signature="verifyAdminPageLabelTest()[pri:0, instance:com.orangeHrm.tests.AdminPageTest@d62f43]" name="verifyAdminPageLabelTest" duration-ms="86" started-at="2019-10-20T14:31:39Z" finished-at="2019-10-20T14:31:39Z">
          <reporter-output>
          </reporter-output>
        </test-method> <!-- verifyAdminPageLabelTest -->
        <test-method status="PASS" signature="tearDown()[pri:0, instance:com.orangeHrm.tests.AdminPageTest@d62f43]" name="tearDown" is-config="true" duration-ms="1190" started-at="2019-10-20T14:31:39Z" finished-at="2019-10-20T14:31:40Z">
          <reporter-output>
          </reporter-output>
        </test-method> <!-- tearDown -->
        <test-method status="PASS" signature="setUp()[pri:0, instance:com.orangeHrm.tests.AdminPageTest@d62f43]" name="setUp" is-config="true" duration-ms="13187" started-at="2019-10-20T14:31:40Z" finished-at="2019-10-20T14:31:53Z">
          <reporter-output>
          </reporter-output>
        </test-method> <!-- setUp -->
        <test-method status="PASS" signature="verifyUserAvailabilityTest()[pri:1, instance:com.orangeHrm.tests.AdminPageTest@d62f43]" name="verifyUserAvailabilityTest" duration-ms="1368" started-at="2019-10-20T14:31:53Z" finished-at="2019-10-20T14:31:55Z">
          <reporter-output>
          </reporter-output>
        </test-method> <!-- verifyUserAvailabilityTest -->
        <test-method status="PASS" signature="tearDown()[pri:0, instance:com.orangeHrm.tests.AdminPageTest@d62f43]" name="tearDown" is-config="true" duration-ms="671" started-at="2019-10-20T14:31:55Z" finished-at="2019-10-20T14:31:55Z">
          <reporter-output>
          </reporter-output>
        </test-method> <!-- tearDown -->
        <test-method status="PASS" signature="setUp()[pri:0, instance:com.orangeHrm.tests.AdminPageTest@d62f43]" name="setUp" is-config="true" duration-ms="16132" started-at="2019-10-20T14:31:55Z" finished-at="2019-10-20T14:32:11Z">
          <reporter-output>
          </reporter-output>
        </test-method> <!-- setUp -->
        <test-method status="PASS" signature="verifyDeleteUserTest()[pri:2, instance:com.orangeHrm.tests.AdminPageTest@d62f43]" name="verifyDeleteUserTest" duration-ms="2244" started-at="2019-10-20T14:32:11Z" finished-at="2019-10-20T14:32:14Z">
          <reporter-output>
          </reporter-output>
        </test-method> <!-- verifyDeleteUserTest -->
        <test-method status="PASS" signature="tearDown()[pri:0, instance:com.orangeHrm.tests.AdminPageTest@d62f43]" name="tearDown" is-config="true" duration-ms="718" started-at="2019-10-20T14:32:14Z" finished-at="2019-10-20T14:32:14Z">
          <reporter-output>
          </reporter-output>
        </test-method> <!-- tearDown -->
        <test-method status="PASS" signature="setUp()[pri:0, instance:com.orangeHrm.tests.AdminPageTest@d62f43]" name="setUp" is-config="true" duration-ms="15958" started-at="2019-10-20T14:32:14Z" finished-at="2019-10-20T14:32:30Z">
          <reporter-output>
          </reporter-output>
        </test-method> <!-- setUp -->
        <test-method status="PASS" signature="verifyAddUserClickTest()[pri:3, instance:com.orangeHrm.tests.AdminPageTest@d62f43]" name="verifyAddUserClickTest" duration-ms="1870" started-at="2019-10-20T14:32:30Z" finished-at="2019-10-20T14:32:32Z">
          <reporter-output>
          </reporter-output>
        </test-method> <!-- verifyAddUserClickTest -->
        <test-method status="PASS" signature="tearDown()[pri:0, instance:com.orangeHrm.tests.AdminPageTest@d62f43]" name="tearDown" is-config="true" duration-ms="652" started-at="2019-10-20T14:32:32Z" finished-at="2019-10-20T14:32:33Z">
          <reporter-output>
          </reporter-output>
        </test-method> <!-- tearDown -->
      </class> <!-- com.orangeHrm.tests.AdminPageTest -->
    </test> <!-- Default test -->
  </suite> <!-- Default suite -->
</testng-results>
